app/build/intermediates/manifest_merge_blame_file/debug/manifest-merger-blame-debug-report.txt
1<?xml version="1.0" encoding="utf-8"?>
2<manifest xmlns:android="http://schemas.android.com/apk/res/android"
3    package="com.exploretokyo.app"
4    android:versionCode="1"
5    android:versionName="1.0" >
6
7    <uses-sdk
8        android:minSdkVersion="26"
9        android:targetSdkVersion="36" />
10
11    <permission
11-->[androidx.core:core:1.12.0] AndroidManifest.xml:22:5-24:47
12        android:name="com.exploretokyo.app.DYNAMIC_RECEIVER_NOT_EXPORTED_PERMISSION"
12-->[androidx.core:core:1.12.0] AndroidManifest.xml:23:9-81
13        android:protectionLevel="signature" />
13-->[androidx.core:core:1.12.0] AndroidManifest.xml:24:9-44
14
15    <uses-permission android:name="com.exploretokyo.app.DYNAMIC_RECEIVER_NOT_EXPORTED_PERMISSION" />
15-->[androidx.core:core:1.12.0] AndroidManifest.xml:26:5-97
15-->[androidx.core:core:1.12.0] AndroidManifest.xml:26:22-94
16
17    <supports-screens
17-->[org.osmdroid:osmdroid-android:6.1.18] AndroidManifest.xml:9:5-12:40
18        android:anyDensity="true"
18-->[org.osmdroid:osmdroid-android:6.1.18] AndroidManifest.xml:10:9-34
19        android:largeScreens="true"
19-->[org.osmdroid:osmdroid-android:6.1.18] AndroidManifest.xml:11:9-36
20        android:normalScreens="true" />
20-->[org.osmdroid:osmdroid-android:6.1.18] AndroidManifest.xml:12:9-37
21
22    <uses-feature
22-->[org.osmdroid:osmdroid-android:6.1.18] AndroidManifest.xml:14:5-16:36
23        android:name="android.hardware.location.network"
23-->[org.osmdroid:osmdroid-android:6.1.18] AndroidManifest.xml:15:9-57
24        android:required="false" />
24-->[org.osmdroid:osmdroid-android:6.1.18] AndroidManifest.xml:16:9-33
25    <uses-feature
25-->[org.osmdroid:osmdroid-android:6.1.18] AndroidManifest.xml:17:5-19:36
26        android:name="android.hardware.location.gps"
26-->[org.osmdroid:osmdroid-android:6.1.18] AndroidManifest.xml:18:9-53
27        android:required="false" />
27-->[org.osmdroid:osmdroid-android:6.1.18] AndroidManifest.xml:19:9-33
28    <uses-feature
28-->[org.osmdroid:osmdroid-android:6.1.18] AndroidManifest.xml:20:5-22:36
29        android:name="android.hardware.telephony"
29-->[org.osmdroid:osmdroid-android:6.1.18] AndroidManifest.xml:21:9-50
30        android:required="false" />
30-->[org.osmdroid:osmdroid-android:6.1.18] AndroidManifest.xml:22:9-33
31    <uses-feature
31-->[org.osmdroid:osmdroid-android:6.1.18] AndroidManifest.xml:23:5-25:36
32        android:name="android.hardware.wifi"
32-->[org.osmdroid:osmdroid-android:6.1.18] AndroidManifest.xml:24:9-45
33        android:required="false" />
33-->[org.osmdroid:osmdroid-android:6.1.18] AndroidManifest.xml:25:9-33
34
35    <application
35-->src\main\AndroidManifest.xml:4:5-20:19
36        android:allowBackup="true"
36-->src\main\AndroidManifest.xml:5:9-35
37        android:appComponentFactory="androidx.core.app.CoreComponentFactory"
37-->[androidx.core:core:1.12.0] AndroidManifest.xml:28:18-86
38        android:debuggable="true"
39        android:extractNativeLibs="false"
40        android:icon="@drawable/ic_launcher_foreground"
40-->src\main\AndroidManifest.xml:6:9-56
41        android:label="@string/app_name"
41-->src\main\AndroidManifest.xml:7:9-41
42        android:roundIcon="@drawable/ic_launcher_foreground"
42-->src\main\AndroidManifest.xml:8:9-61
43        android:supportsRtl="true"
43-->src\main\AndroidManifest.xml:9:9-35
44        android:theme="@style/Theme.ExploreTokyo" >
44-->src\main\AndroidManifest.xml:10:9-50
45        <activity
45-->src\main\AndroidManifest.xml:11:9-19:20
46            android:name="com.exploretokyo.app.MainActivity"
46-->src\main\AndroidManifest.xml:12:13-41
47            android:exported="true"
47-->src\main\AndroidManifest.xml:13:13-36
48            android:theme="@style/Theme.ExploreTokyo" >
48-->src\main\AndroidManifest.xml:14:13-54
49            <intent-filter>
49-->src\main\AndroidManifest.xml:15:13-18:29
50                <action android:name="android.intent.action.MAIN" />
50-->src\main\AndroidManifest.xml:16:17-69
50-->src\main\AndroidManifest.xml:16:25-66
51
52                <category android:name="android.intent.category.LAUNCHER" />
52-->src\main\AndroidManifest.xml:17:17-77
52-->src\main\AndroidManifest.xml:17:27-74
53            </intent-filter>
54        </activity>
55        <activity
55-->[androidx.compose.ui:ui-test-manifest:1.6.0] AndroidManifest.xml:23:9-25:39
56            android:name="androidx.activity.ComponentActivity"
56-->[androidx.compose.ui:ui-test-manifest:1.6.0] AndroidManifest.xml:24:13-63
57            android:exported="true" />
57-->[androidx.compose.ui:ui-test-manifest:1.6.0] AndroidManifest.xml:25:13-36
58        <activity
58-->[androidx.compose.ui:ui-tooling-android:1.6.0] AndroidManifest.xml:23:9-25:39
59            android:name="androidx.compose.ui.tooling.PreviewActivity"
59-->[androidx.compose.ui:ui-tooling-android:1.6.0] AndroidManifest.xml:24:13-71
60            android:exported="true" />
60-->[androidx.compose.ui:ui-tooling-android:1.6.0] AndroidManifest.xml:25:13-36
61
62        <provider
62-->[androidx.emoji2:emoji2:1.3.0] AndroidManifest.xml:24:9-32:20
63            android:name="androidx.startup.InitializationProvider"
63-->[androidx.emoji2:emoji2:1.3.0] AndroidManifest.xml:25:13-67
64            android:authorities="com.exploretokyo.app.androidx-startup"
64-->[androidx.emoji2:emoji2:1.3.0] AndroidManifest.xml:26:13-68
65            android:exported="false" >
65-->[androidx.emoji2:emoji2:1.3.0] AndroidManifest.xml:27:13-37
66            <meta-data
66-->[androidx.emoji2:emoji2:1.3.0] AndroidManifest.xml:29:13-31:52
67                android:name="androidx.emoji2.text.EmojiCompatInitializer"
67-->[androidx.emoji2:emoji2:1.3.0] AndroidManifest.xml:30:17-75
68                android:value="androidx.startup" />
68-->[androidx.emoji2:emoji2:1.3.0] AndroidManifest.xml:31:17-49
69            <meta-data
69-->[androidx.lifecycle:lifecycle-process:2.7.0] AndroidManifest.xml:29:13-31:52
70                android:name="androidx.lifecycle.ProcessLifecycleInitializer"
70-->[androidx.lifecycle:lifecycle-process:2.7.0] AndroidManifest.xml:30:17-78
71                android:value="androidx.startup" />
71-->[androidx.lifecycle:lifecycle-process:2.7.0] AndroidManifest.xml:31:17-49
72            <meta-data
72-->[androidx.profileinstaller:profileinstaller:1.3.0] AndroidManifest.xml:29:13-31:52
73                android:name="androidx.profileinstaller.ProfileInstallerInitializer"
73-->[androidx.profileinstaller:profileinstaller:1.3.0] AndroidManifest.xml:30:17-85
74                android:value="androidx.startup" />
74-->[androidx.profileinstaller:profileinstaller:1.3.0] AndroidManifest.xml:31:17-49
75        </provider>
76
77        <receiver
77-->[androidx.profileinstaller:profileinstaller:1.3.0] AndroidManifest.xml:34:9-52:20
78            android:name="androidx.profileinstaller.ProfileInstallReceiver"
78-->[androidx.profileinstaller:profileinstaller:1.3.0] AndroidManifest.xml:35:13-76
79            android:directBootAware="false"
79-->[androidx.profileinstaller:profileinstaller:1.3.0] AndroidManifest.xml:36:13-44
80            android:enabled="true"
80-->[androidx.profileinstaller:profileinstaller:1.3.0] AndroidManifest.xml:37:13-35
81            android:exported="true"
81-->[androidx.profileinstaller:profileinstaller:1.3.0] AndroidManifest.xml:38:13-36
82            android:permission="android.permission.DUMP" >
82-->[androidx.profileinstaller:profileinstaller:1.3.0] AndroidManifest.xml:39:13-57
83            <intent-filter>
83-->[androidx.profileinstaller:profileinstaller:1.3.0] AndroidManifest.xml:40:13-42:29
84                <action android:name="androidx.profileinstaller.action.INSTALL_PROFILE" />
84-->[androidx.profileinstaller:profileinstaller:1.3.0] AndroidManifest.xml:41:17-91
84-->[androidx.profileinstaller:profileinstaller:1.3.0] AndroidManifest.xml:41:25-88
85            </intent-filter>
86            <intent-filter>
86-->[androidx.profileinstaller:profileinstaller:1.3.0] AndroidManifest.xml:43:13-45:29
87                <action android:name="androidx.profileinstaller.action.SKIP_FILE" />
87-->[androidx.profileinstaller:profileinstaller:1.3.0] AndroidManifest.xml:44:17-85
87-->[androidx.profileinstaller:profileinstaller:1.3.0] AndroidManifest.xml:44:25-82
88            </intent-filter>
89            <intent-filter>
89-->[androidx.profileinstaller:profileinstaller:1.3.0] AndroidManifest.xml:46:13-48:29
90                <action android:name="androidx.profileinstaller.action.SAVE_PROFILE" />
90-->[androidx.profileinstaller:profileinstaller:1.3.0] AndroidManifest.xml:47:17-88
90-->[androidx.profileinstaller:profileinstaller:1.3.0] AndroidManifest.xml:47:25-85
91            </intent-filter>
92            <intent-filter>
92-->[androidx.profileinstaller:profileinstaller:1.3.0] AndroidManifest.xml:49:13-51:29
93                <action android:name="androidx.profileinstaller.action.BENCHMARK_OPERATION" />
93-->[androidx.profileinstaller:profileinstaller:1.3.0] AndroidManifest.xml:50:17-95
93-->[androidx.profileinstaller:profileinstaller:1.3.0] AndroidManifest.xml:50:25-92
94            </intent-filter>
95        </receiver>
96    </application>
97
98</manifest>